<?xml version="1.0" encoding="UTF-8"?>
<!-- Generated by org.testng.reporters.JUnitReportReporter -->
<testsuite hostname="SUBHO-PC" name="com.demoHFramework.testCase.TC_Login_002" tests="1" failures="0" timestamp="18 Feb 2020 18:28:34 GMT" time="10.942" errors="0">
  <testcase name="loginTest111" time="10.942" classname="com.demoHFramework.testCase.TC_Login_002"/>
</testsuite> <!-- com.demoHFramework.testCase.TC_Login_002 -->
