<?xml version="1.0" encoding="UTF-8"?>
<!-- Generated by org.testng.reporters.JUnitReportReporter -->
<testsuite hostname="SUBHO-PC" name="com.demoHFramework.testCase.TC_Login_001" tests="2" failures="0" timestamp="18 Feb 2020 18:28:34 GMT" time="19.170" errors="0">
  <testcase name="loginTest" time="10.988" classname="com.demoHFramework.testCase.TC_Login_001"/>
  <testcase name="loginTest2" time="8.182" classname="com.demoHFramework.testCase.TC_Login_001"/>
</testsuite> <!-- com.demoHFramework.testCase.TC_Login_001 -->
